  main.cpp
  SDL_Project.vcxproj -> F:\Studium\Programmierung I\SDL-Project\bin\Debug\x64\SDL_Project.exe
  F:\Studium\Programmierung I\SDL-Project\Dependencies\SDL2\lib\x64\SDL2.dll
  1 Datei(en) kopiert
  F:\Studium\Programmierung I\SDL-Project\Dependencies\SDL2_image\lib\x64\libjpeg-9.dll
  F:\Studium\Programmierung I\SDL-Project\Dependencies\SDL2_image\lib\x64\libpng16-16.dll
  F:\Studium\Programmierung I\SDL-Project\Dependencies\SDL2_image\lib\x64\libtiff-5.dll
  F:\Studium\Programmierung I\SDL-Project\Dependencies\SDL2_image\lib\x64\libwebp-7.dll
  F:\Studium\Programmierung I\SDL-Project\Dependencies\SDL2_image\lib\x64\SDL2_image.dll
  F:\Studium\Programmierung I\SDL-Project\Dependencies\SDL2_image\lib\x64\zlib1.dll
  6 Datei(en) kopiert
  F:\Studium\Programmierung I\SDL-Project\Dependencies\SDL2_mixer\lib\x64\libFLAC-8.dll
  F:\Studium\Programmierung I\SDL-Project\Dependencies\SDL2_mixer\lib\x64\libmodplug-1.dll
  F:\Studium\Programmierung I\SDL-Project\Dependencies\SDL2_mixer\lib\x64\libmpg123-0.dll
  F:\Studium\Programmierung I\SDL-Project\Dependencies\SDL2_mixer\lib\x64\libogg-0.dll
  F:\Studium\Programmierung I\SDL-Project\Dependencies\SDL2_mixer\lib\x64\libvorbis-0.dll
  F:\Studium\Programmierung I\SDL-Project\Dependencies\SDL2_mixer\lib\x64\libvorbisfile-3.dll
  F:\Studium\Programmierung I\SDL-Project\Dependencies\SDL2_mixer\lib\x64\SDL2_mixer.dll
  7 Datei(en) kopiert
  F:\Studium\Programmierung I\SDL-Project\Dependencies\SDL2_ttf\lib\x64\libfreetype-6.dll
  F:\Studium\Programmierung I\SDL-Project\Dependencies\SDL2_ttf\lib\x64\SDL2_ttf.dll
  2 Datei(en) kopiert
